<?xml version="1.0" encoding="UTF-8"?>
<!-- Generated by org.testng.reporters.JUnitReportReporter -->
<testsuite hostname="japneeshs-MacBook-Air.local" failures="0" tests="1" name="com.inetbanking.testCases.TC_LoginTest_001" time="2.378" errors="0" timestamp="19 Apr 2022 01:02:23 GMT" skipped="0">
  <testcase classname="com.inetbanking.testCases.TC_LoginTest_001" name="loginTest" time="2.378"/>
</testsuite> <!-- com.inetbanking.testCases.TC_LoginTest_001 -->
