<?xml version="1.0" encoding="UTF-8"?>
<!-- Generated by org.testng.reporters.JUnitReportReporter -->
<testsuite hostname="japneeshs-MacBook-Air.local" failures="0" tests="1" name="com.inetbanking.testCases.TC_FundTransfer" time="2.230" errors="0" timestamp="19 Apr. 2022 02:52:14 GMT" skipped="0">
  <testcase classname="com.inetbanking.testCases.TC_FundTransfer" name="fundTransfer" time="2.230"/>
</testsuite> <!-- com.inetbanking.testCases.TC_FundTransfer -->
